
8월 30, 2021 12:13:17.51 NEW SESSION
8월 30, 2021 12:13:17.51 [17492:6104:0830/121317.516:ERROR:device_event_log_impl.cc(214)] [12:13:17.516] Bluetooth: bluetooth_adapter_winrt.cc:1073 Getting Default Adapter failed.

9월 03, 2021 08:36:07.87 NEW SESSION
9월 03, 2021 08:36:07.87 [11516:2956:0903/083607.873:ERROR:device_event_log_impl.cc(214)] [08:36:07.873] Bluetooth: bluetooth_adapter_winrt.cc:1073 Getting Default Adapter failed.
9월 03, 2021 08:36:35.30 [18800:11112:0903/083635.305:ERROR:device_event_log_impl.cc(214)] [08:36:35.305] Bluetooth: bluetooth_adapter_winrt.cc:1073 Getting Default Adapter failed.

9월 03, 2021 13:32:02.36 NEW SESSION
9월 03, 2021 13:32:02.36 [1980:4104:0903/133202.359:ERROR:device_event_log_impl.cc(214)] [13:32:02.360] Bluetooth: bluetooth_adapter_winrt.cc:1073 Getting Default Adapter failed.
9월 03, 2021 13:32:20.26 [14732:8808:0903/133220.266:ERROR:device_event_log_impl.cc(214)] [13:32:20.267] Bluetooth: bluetooth_adapter_winrt.cc:1073 Getting Default Adapter failed.

9월 04, 2021 10:05:30.72 NEW SESSION
9월 04, 2021 10:05:30.72 [12636:7020:0904/100530.728:ERROR:device_event_log_impl.cc(214)] [10:05:30.728] Bluetooth: bluetooth_adapter_winrt.cc:1073 Getting Default Adapter failed.

9월 07, 2021 13:32:00.48 NEW SESSION
9월 07, 2021 13:32:00.48 [16232:9268:0907/133200.481:ERROR:device_event_log_impl.cc(214)] [13:32:00.482] Bluetooth: bluetooth_adapter_winrt.cc:1073 Getting Default Adapter failed.
9월 07, 2021 14:36:12.93 [6008:10464:0907/143612.936:ERROR:device_event_log_impl.cc(214)] [14:36:12.936] Bluetooth: bluetooth_adapter_winrt.cc:1073 Getting Default Adapter failed.
9월 07, 2021 14:41:29.05 [2256:1424:0907/144129.049:ERROR:device_event_log_impl.cc(214)] [14:41:29.050] Bluetooth: bluetooth_adapter_winrt.cc:1073 Getting Default Adapter failed.

9월 10, 2021 13:57:41.86 NEW SESSION
9월 10, 2021 13:57:41.86 [4588:9592:0910/135741.848:ERROR:device_event_log_impl.cc(214)] [13:57:41.849] Bluetooth: bluetooth_adapter_winrt.cc:1073 Getting Default Adapter failed.
9월 10, 2021 15:19:43.80 [14824:18348:0910/151943.801:ERROR:device_event_log_impl.cc(214)] [15:19:43.802] Bluetooth: bluetooth_adapter_winrt.cc:1073 Getting Default Adapter failed.
9월 10, 2021 15:33:50.57 [2800:1220:0910/153350.570:ERROR:device_event_log_impl.cc(214)] [15:33:50.571] Bluetooth: bluetooth_adapter_winrt.cc:1073 Getting Default Adapter failed.
9월 10, 2021 15:34:23.81 [6360:14812:0910/153423.814:ERROR:device_event_log_impl.cc(214)] [15:34:23.814] Bluetooth: bluetooth_adapter_winrt.cc:1073 Getting Default Adapter failed.

10월 06, 2021 14:04:05.64 NEW SESSION
10월 06, 2021 14:04:05.64 [8500:2388:1006/140405.627:ERROR:chrome_browser_main_extra_parts_metrics.cc(228)] crbug.com/1216328: Checking Bluetooth availability started. Please report if there is no report that this ends.
10월 06, 2021 14:04:05.64 [8500:2388:1006/140405.627:ERROR:chrome_browser_main_extra_parts_metrics.cc(231)] crbug.com/1216328: Checking Bluetooth availability ended.
10월 06, 2021 14:04:05.64 [8500:2388:1006/140405.627:ERROR:chrome_browser_main_extra_parts_metrics.cc(234)] crbug.com/1216328: Checking default browser status started. Please report if there is no report that this ends.
10월 06, 2021 14:04:05.64 [8500:2388:1006/140405.628:ERROR:chrome_browser_main_extra_parts_metrics.cc(238)] crbug.com/1216328: Checking default browser status ended.
10월 06, 2021 14:04:05.64 [8500:1140:1006/140405.634:ERROR:device_event_log_impl.cc(214)] [14:04:05.634] Bluetooth: bluetooth_adapter_winrt.cc:1073 Getting Default Adapter failed.
10월 06, 2021 15:07:45.28 [8500:14228:1006/150745.283:ERROR:mcs_client.cc(755)] Received close command, resetting connection.

10월 16, 2021 12:58:44.51 NEW SESSION
10월 16, 2021 12:58:44.51 [6104:6660:1016/125844.515:ERROR:chrome_browser_main_extra_parts_metrics.cc(228)] crbug.com/1216328: Checking Bluetooth availability started. Please report if there is no report that this ends.
10월 16, 2021 12:58:44.51 [6104:6660:1016/125844.515:ERROR:chrome_browser_main_extra_parts_metrics.cc(231)] crbug.com/1216328: Checking Bluetooth availability ended.
10월 16, 2021 12:58:44.51 [6104:6660:1016/125844.515:ERROR:chrome_browser_main_extra_parts_metrics.cc(234)] crbug.com/1216328: Checking default browser status started. Please report if there is no report that this ends.
10월 16, 2021 12:58:44.51 [6104:6660:1016/125844.515:ERROR:chrome_browser_main_extra_parts_metrics.cc(238)] crbug.com/1216328: Checking default browser status ended.
10월 16, 2021 12:58:44.52 [6104:12344:1016/125844.527:ERROR:device_event_log_impl.cc(214)] [12:58:44.527] Bluetooth: bluetooth_adapter_winrt.cc:1073 Getting Default Adapter failed.
10월 16, 2021 14:07:49.07 [6104:12344:1016/140749.070:ERROR:CONSOLE(1)] "console.assert", source: devtools://devtools/bundled/core/sdk/sdk.js (1)
10월 16, 2021 14:07:49.07 [6104:12344:1016/140749.070:ERROR:CONSOLE(1)] "console.assert", source: devtools://devtools/bundled/core/sdk/sdk.js (1)
10월 16, 2021 14:08:41.71 [6104:12344:1016/140841.714:ERROR:CONSOLE(1)] "console.assert", source: devtools://devtools/bundled/core/sdk/sdk.js (1)
10월 16, 2021 14:08:41.71 [6104:12344:1016/140841.714:ERROR:CONSOLE(1)] "console.assert", source: devtools://devtools/bundled/core/sdk/sdk.js (1)
10월 16, 2021 14:09:29.88 [6104:12344:1016/140929.881:ERROR:CONSOLE(1)] "console.assert", source: devtools://devtools/bundled/core/sdk/sdk.js (1)
10월 16, 2021 14:09:29.88 [6104:12344:1016/140929.881:ERROR:CONSOLE(1)] "console.assert", source: devtools://devtools/bundled/core/sdk/sdk.js (1)
10월 16, 2021 14:22:57.10 [6104:12344:1016/142257.101:ERROR:CONSOLE(1)] "console.assert", source: devtools://devtools/bundled/core/sdk/sdk.js (1)
10월 16, 2021 14:22:57.10 [6104:12344:1016/142257.101:ERROR:CONSOLE(1)] "console.assert", source: devtools://devtools/bundled/core/sdk/sdk.js (1)
